
> self-coding@0.1.0 dev
> next dev

   ▲ Next.js 15.3.2
   - Local:        http://localhost:3000
   - Network:      http://192.168.100.195:3000
   - Environments: .env.local, .env

 ✓ Starting...
 ✓ Ready in 14.9s
 ○ Compiling /admin-login ...
 ✓ Compiled /admin-login in 52.2s (755 modules)
 GET /admin-login?id=739cd3ca-28e0-4b1a-ae81-5b9d42f3e207&vscodeBrowserReqId=1748270700238 200 in 58948ms
 GET /admin-login?id=739cd3ca-28e0-4b1a-ae81-5b9d42f3e207&vscodeBrowserReqId=1748270700238 200 in 240ms
 ○ Compiling /_not-found ...
 ✓ Compiled /_not-found in 6.4s (759 modules)
 GET /_next/static/chunks/main-app.js?v=1748272507848 404 in 8036ms
 GET /_next/static/chunks/app-pages-internals.js 404 in 7996ms
 GET /_next/static/chunks/app/admin-login/page.js 404 in 7994ms
 ○ Compiling / ...
 ✓ Compiled / in 1871ms (736 modules)
 GET / 200 in 3122ms
 ○ Compiling /_not-found ...
 ✓ Compiled /_not-found in 692ms (740 modules)
 GET /_next/static/css/app/layout.css?v=1748272614852 404 in 1836ms
 GET /_next/static/chunks/app-pages-internals.js 404 in 1768ms
 GET /_next/static/chunks/main-app.js?v=1748272614852 404 in 1772ms
 ○ Compiling /favicon.ico ...
 ✓ Compiled /favicon.ico in 1160ms (442 modules)
 GET /favicon.ico 200 in 1680ms
 GET / 200 in 525ms
 GET /_next/static/chunks/main-app.js?v=1748272653526 404 in 395ms
 GET /_next/static/css/app/layout.css?v=1748272653526 404 in 415ms
 GET /_next/static/chunks/app-pages-internals.js 404 in 397ms
 GET /favicon.ico 200 in 45ms
 GET / 200 in 141ms
 GET /_next/static/css/app/layout.css?v=1748272661009 404 in 190ms
 GET /_next/static/chunks/main-app.js?v=1748272661009 404 in 513ms
 GET /_next/static/chunks/app-pages-internals.js 404 in 512ms
 GET /favicon.ico 200 in 60ms
 ✓ Compiled in 6.3s (325 modules)
 ✓ Compiled in 2.5s (325 modules)
